#
# A fatal error has been detected by the Java Runtime Environment:
#
#  EXCEPTION_ACCESS_VIOLATION (0xc0000005) at pc=0x00000000701200c0, pid=5976, tid=0x00000000000026fc
#
# JRE version: Java(TM) SE Runtime Environment (8.0_181-b13) (build 1.8.0_181-b13)
# Java VM: Java HotSpot(TM) 64-Bit Server VM (25.181-b13 mixed mode windows-amd64 compressed oops)
# Problematic frame:
# V  [jvm.dll+0xc00c0]
#
# Failed to write core dump. Minidumps are not enabled by default on client versions of Windows
#
# If you would like to submit a bug report, please visit:
#   http://bugreport.java.com/bugreport/crash.jsp
#

---------------  T H R E A D  ---------------

Current thread (0x0000000003564000):  JavaThread "main" [_thread_in_vm, id=9980, stack(0x0000000003460000,0x0000000003560000)]

siginfo: ExceptionCode=0xc0000005, reading address 0x000000000000009c

Registers:
RAX=0x0000b2d748e307f8, RBX=0x00000007c0060028, RCX=0x000000000355ee30, RDX=0x0000000000000000
RSP=0x000000000355ec90, RBP=0x0000000003564000, RSI=0x0000000000000000, RDI=0x0000000000000000
R8 =0x0000000000000000, R9 =0x0000000000000000, R10=0x00000000223000d8, R11=0x0000000000000000
R12=0x000000000355ef28, R13=0x0000000000000001, R14=0x000000000355efe0, R15=0x000000000000ca15
RIP=0x00000000701200c0, EFLAGS=0x0000000000010202

Top of Stack: (sp=0x000000000355ec90)
0x000000000355ec90:   0000000000000000 0000000070220db4
0x000000000355eca0:   0000000000000004 00000000036551a0
0x000000000355ecb0:   000000006fdafbc0 000000006fd9bbeb
0x000000000355ecc0:   00000000035641f8 0000000070209a0c
0x000000000355ecd0:   00000000242bbd18 00000000036551a0
0x000000000355ece0:   00000000242ab6e0 000000006fda13bc
0x000000000355ecf0:   0000000003564103 000000006fda13bc
0x000000000355ed00:   00000000242bbd18 0000000003655100
0x000000000355ed10:   0000000000000000 00000000702777ad
0x000000000355ed20:   00000000242bbd18 000000006fd9cd47
0x000000000355ed30:   00000000036551a0 00000000035641f8
0x000000000355ed40:   00000000035634e0 000000007027e362
0x000000000355ed50:   0000000003564000 000000006fd98678
0x000000000355ed60:   0000000003655100 0000000003564103
0x000000000355ed70:   00000000242b9b00 0000000070220a43
0x000000000355ed80:   0000000003564000 00000000701a4dbb 

Instructions: (pc=0x00000000701200c0)
0x00000000701200a0:   48 89 54 24 10 53 57 48 81 ec 48 01 00 00 48 8b
0x00000000701200b0:   05 cb 17 73 00 48 33 c4 48 89 84 24 10 01 00 00
0x00000000701200c0:   8b 82 9c 00 00 00 48 8b 9c 24 90 01 00 00 48 8b
0x00000000701200d0:   f9 c1 e8 09 48 89 5c 24 38 c6 44 24 30 00 a8 01 


Register to memory mapping:

RAX=0x0000b2d748e307f8 is an unknown value
RBX=0x00000007c0060028 is pointing into metadata
RCX=0x000000000355ee30 is pointing into the stack for thread: 0x0000000003564000
RDX=0x0000000000000000 is an unknown value
RSP=0x000000000355ec90 is pointing into the stack for thread: 0x0000000003564000
RBP=0x0000000003564000 is a thread
RSI=0x0000000000000000 is an unknown value
RDI=0x0000000000000000 is an unknown value
R8 =0x0000000000000000 is an unknown value
R9 =0x0000000000000000 is an unknown value
R10=0x00000000223000d8 is pointing into metadata
R11=0x0000000000000000 is an unknown value
R12=0x000000000355ef28 is pointing into the stack for thread: 0x0000000003564000
R13=0x0000000000000001 is an unknown value
R14=0x000000000355efe0 is pointing into the stack for thread: 0x0000000003564000
R15=0x000000000000ca15 is an unknown value


Stack: [0x0000000003460000,0x0000000003560000],  sp=0x000000000355ec90,  free space=1019k
Native frames: (J=compiled Java code, j=interpreted, Vv=VM code, C=native code)
V  [jvm.dll+0xc00c0]
V  [jvm.dll+0xc15d4]
V  [jvm.dll+0xc3210]
V  [jvm.dll+0xc4aad]
V  [jvm.dll+0xbd32a]
C  0x000000000369507e

Java frames: (J=compiled Java code, j=interpreted, Vv=VM code)
j  learn.mysql.InsertIntoMysql.main([Ljava/lang/String;)V+74
v  ~StubRoutines::call_stub

---------------  P R O C E S S  ---------------

Java Threads: ( => current thread )
  0x000000002465a800 JavaThread "MySQL Statement Cancellation Timer" daemon [_thread_blocked, id=9128, stack(0x0000000025860000,0x0000000025960000)]
  0x0000000024352800 JavaThread "Service Thread" daemon [_thread_blocked, id=12000, stack(0x0000000024e60000,0x0000000024f60000)]
  0x00000000242d6000 JavaThread "C1 CompilerThread2" daemon [_thread_blocked, id=6480, stack(0x0000000024d60000,0x0000000024e60000)]
  0x00000000242cf000 JavaThread "C2 CompilerThread1" daemon [_thread_blocked, id=1692, stack(0x0000000024c60000,0x0000000024d60000)]
  0x00000000242cb800 JavaThread "C2 CompilerThread0" daemon [_thread_blocked, id=10016, stack(0x0000000024b60000,0x0000000024c60000)]
  0x00000000242bf800 JavaThread "JDWP Command Reader" daemon [_thread_in_native, id=8696, stack(0x0000000024a60000,0x0000000024b60000)]
  0x00000000242be800 JavaThread "JDWP Event Helper Thread" daemon [_thread_blocked, id=7212, stack(0x0000000024960000,0x0000000024a60000)]
  0x00000000242ad800 JavaThread "JDWP Transport Listener: dt_socket" daemon [_thread_blocked, id=5868, stack(0x0000000024860000,0x0000000024960000)]
  0x00000000228f2000 JavaThread "Attach Listener" daemon [_thread_blocked, id=11564, stack(0x0000000024760000,0x0000000024860000)]
  0x00000000242a3800 JavaThread "Signal Dispatcher" daemon [_thread_blocked, id=7508, stack(0x0000000024660000,0x0000000024760000)]
  0x00000000228d0800 JavaThread "Finalizer" daemon [_thread_blocked, id=10856, stack(0x0000000024160000,0x0000000024260000)]
  0x0000000003657800 JavaThread "Reference Handler" daemon [_thread_blocked, id=3580, stack(0x0000000024060000,0x0000000024160000)]
=>0x0000000003564000 JavaThread "main" [_thread_in_vm, id=9980, stack(0x0000000003460000,0x0000000003560000)]

Other Threads:
  0x00000000228a8800 VMThread [stack: 0x0000000023f60000,0x0000000024060000] [id=1940]
  0x00000000243c7000 WatcherThread [stack: 0x0000000024f60000,0x0000000025060000] [id=2220]

VM state:not at safepoint (normal execution)

VM Mutex/Monitor currently owned by a thread: None

Heap:
 PSYoungGen      total 1657856K, used 85278K [0x0000000737900000, 0x00000007ab300000, 0x00000007c0000000)
  eden space 1421312K, 6% used [0x0000000737900000,0x000000073cc47b10,0x000000078e500000)
  from space 236544K, 0% used [0x000000079cc00000,0x000000079cc00000,0x00000007ab300000)
  to   space 236544K, 0% used [0x000000078e500000,0x000000078e500000,0x000000079cc00000)
 ParOldGen       total 3788800K, used 0K [0x0000000626a00000, 0x000000070de00000, 0x0000000737900000)
  object space 3788800K, 0% used [0x0000000626a00000,0x0000000626a00000,0x000000070de00000)
 Metaspace       used 6283K, capacity 6348K, committed 6656K, reserved 1056768K
  class space    used 676K, capacity 688K, committed 768K, reserved 1048576K

Card table byte_map: [0x0000000012a20000,0x00000000136f0000] byte_map_base: 0x000000000f8eb000

Marking Bits: (ParMarkBitMap*) 0x0000000070882d00
 Begin Bits: [0x0000000014580000, 0x000000001abd8000)
 End Bits:   [0x000000001abd8000, 0x0000000021230000)

Polling page: 0x0000000000fb0000

CodeCache: size=245760Kb used=1168Kb max_used=1168Kb free=244591Kb
 bounds [0x0000000003660000, 0x00000000038d0000, 0x0000000012660000]
 total_blobs=367 nmethods=24 adapters=264
 compilation: enabled

Compilation events (10 events):
Event: 0.108 Thread 0x00000000242d6000   19       3       java.lang.String::indexOf (7 bytes)
Event: 0.108 Thread 0x00000000242d6000 nmethod 19 0x0000000003771690 code [0x0000000003771800, 0x0000000003771a28]
Event: 0.108 Thread 0x00000000242d6000   21       3       java.lang.AbstractStringBuilder::append (29 bytes)
Event: 0.109 Thread 0x00000000242d6000 nmethod 21 0x0000000003771ad0 code [0x0000000003771c80, 0x00000000037721d8]
Event: 0.109 Thread 0x00000000242d6000   20       3       java.lang.String::getChars (62 bytes)
Event: 0.109 Thread 0x00000000242d6000 nmethod 20 0x0000000003772490 code [0x0000000003772660, 0x0000000003772b18]
Event: 0.110 Thread 0x00000000242d6000   22       3       java.io.WinNTFileSystem::isSlash (18 bytes)
Event: 0.110 Thread 0x00000000242d6000 nmethod 22 0x0000000003773950 code [0x0000000003773aa0, 0x0000000003773c90]
Event: 0.110 Thread 0x00000000242d6000   23  s    3       java.lang.StringBuffer::append (13 bytes)
Event: 0.110 Thread 0x00000000242d6000 nmethod 23 0x0000000003773d10 code [0x0000000003773ec0, 0x00000000037745f8]

GC Heap History (0 events):
No events

Deoptimization events (0 events):
No events

Classes redefined (2 events):
Event: 22.564 Thread 0x00000000228a8800 redefined class name=learn.mysql.InsertIntoMysql, count=1
Event: 38.373 Thread 0x00000000228a8800 redefined class name=learn.mysql.InsertIntoMysql, count=2

Internal exceptions (10 events):
Event: 2.606 Thread 0x0000000003564000 Exception <a 'java/security/PrivilegedActionException'> (0x0000000737b75c40) thrown at [C:\re\workspace\8-2-build-windows-amd64-cygwin\jdk8u181\11358\hotspot\src\share\vm\prims\jvm.cpp, line 1435]
Event: 2.607 Thread 0x0000000003564000 Exception <a 'java/security/PrivilegedActionException'> (0x0000000737b76038) thrown at [C:\re\workspace\8-2-build-windows-amd64-cygwin\jdk8u181\11358\hotspot\src\share\vm\prims\jvm.cpp, line 1435]
Event: 2.608 Thread 0x0000000003564000 Exception <a 'java/security/PrivilegedActionException'> (0x0000000737b7ceb8) thrown at [C:\re\workspace\8-2-build-windows-amd64-cygwin\jdk8u181\11358\hotspot\src\share\vm\prims\jvm.cpp, line 1435]
Event: 2.608 Thread 0x0000000003564000 Exception <a 'java/security/PrivilegedActionException'> (0x0000000737b7d0c8) thrown at [C:\re\workspace\8-2-build-windows-amd64-cygwin\jdk8u181\11358\hotspot\src\share\vm\prims\jvm.cpp, line 1435]
Event: 2.609 Thread 0x0000000003564000 Exception <a 'java/security/PrivilegedActionException'> (0x0000000737b83f98) thrown at [C:\re\workspace\8-2-build-windows-amd64-cygwin\jdk8u181\11358\hotspot\src\share\vm\prims\jvm.cpp, line 1435]
Event: 2.609 Thread 0x0000000003564000 Exception <a 'java/security/PrivilegedActionException'> (0x0000000737b84390) thrown at [C:\re\workspace\8-2-build-windows-amd64-cygwin\jdk8u181\11358\hotspot\src\share\vm\prims\jvm.cpp, line 1435]
Event: 2.610 Thread 0x0000000003564000 Exception <a 'java/security/PrivilegedActionException'> (0x0000000737b8b520) thrown at [C:\re\workspace\8-2-build-windows-amd64-cygwin\jdk8u181\11358\hotspot\src\share\vm\prims\jvm.cpp, line 1435]
Event: 2.610 Thread 0x0000000003564000 Exception <a 'java/security/PrivilegedActionException'> (0x0000000737b8b730) thrown at [C:\re\workspace\8-2-build-windows-amd64-cygwin\jdk8u181\11358\hotspot\src\share\vm\prims\jvm.cpp, line 1435]
Event: 2.611 Thread 0x0000000003564000 Exception <a 'java/security/PrivilegedActionException'> (0x0000000737b92bf8) thrown at [C:\re\workspace\8-2-build-windows-amd64-cygwin\jdk8u181\11358\hotspot\src\share\vm\prims\jvm.cpp, line 1435]
Event: 2.611 Thread 0x0000000003564000 Exception <a 'java/security/PrivilegedActionException'> (0x0000000737b92ff0) thrown at [C:\re\workspace\8-2-build-windows-amd64-cygwin\jdk8u181\11358\hotspot\src\share\vm\prims\jvm.cpp, line 1435]

Events (10 events):
Event: 38.382 Executing VM operation: ChangeBreakpoints
Event: 38.382 Executing VM operation: ChangeBreakpoints done
Event: 38.382 Executing VM operation: ChangeBreakpoints
Event: 38.382 Executing VM operation: ChangeBreakpoints done
Event: 38.384 Executing VM operation: EnterInterpOnlyMode
Event: 38.384 Executing VM operation: EnterInterpOnlyMode done
Event: 38.384 Executing VM operation: GetCurrentLocation
Event: 38.384 Executing VM operation: GetCurrentLocation done
Event: 38.384 Executing VM operation: ChangeSingleStep
Event: 38.384 Executing VM operation: ChangeSingleStep done


Dynamic libraries:
0x00007ff719a10000 - 0x00007ff719a47000 	G:\java\jre\bin\javaw.exe
0x00007ff987f80000 - 0x00007ff98816d000 	C:\Windows\SYSTEM32\ntdll.dll
0x00007ff987e00000 - 0x00007ff987eb3000 	C:\Windows\System32\KERNEL32.DLL
0x00007ff984370000 - 0x00007ff984603000 	C:\Windows\System32\KERNELBASE.dll
0x00007ff9851b0000 - 0x00007ff985253000 	C:\Windows\System32\ADVAPI32.dll
0x00007ff986060000 - 0x00007ff9860fe000 	C:\Windows\System32\msvcrt.dll
0x00007ff987880000 - 0x00007ff98791e000 	C:\Windows\System32\sechost.dll
0x00007ff985a90000 - 0x00007ff985bb2000 	C:\Windows\System32\RPCRT4.dll
0x00007ff985750000 - 0x00007ff9858e7000 	C:\Windows\System32\USER32.dll
0x00007ff984050000 - 0x00007ff984070000 	C:\Windows\System32\win32u.dll
0x00007ff985590000 - 0x00007ff9855b9000 	C:\Windows\System32\GDI32.dll
0x00007ff984f10000 - 0x00007ff9850aa000 	C:\Windows\System32\gdi32full.dll
0x00007ff984250000 - 0x00007ff9842f0000 	C:\Windows\System32\msvcp_win.dll
0x00007ff984e10000 - 0x00007ff984f0c000 	C:\Windows\System32\ucrtbase.dll
0x00007ff971830000 - 0x00007ff971aa9000 	C:\Windows\WinSxS\amd64_microsoft.windows.common-controls_6595b64144ccf1df_6.0.17763.316_none_05b53be2071f46b6\COMCTL32.dll
0x00007ff985260000 - 0x00007ff98558d000 	C:\Windows\System32\combase.dll
0x00007ff984610000 - 0x00007ff98468e000 	C:\Windows\System32\bcryptPrimitives.dll
0x00007ff987f20000 - 0x00007ff987f4e000 	C:\Windows\System32\IMM32.DLL
0x000000006fdc0000 - 0x000000006fe92000 	G:\java\jre\bin\msvcr100.dll
0x0000000070060000 - 0x0000000070902000 	G:\java\jre\bin\server\jvm.dll
0x00007ff985690000 - 0x00007ff985698000 	C:\Windows\System32\PSAPI.DLL
0x00007ff980940000 - 0x00007ff980949000 	C:\Windows\SYSTEM32\WSOCK32.dll
0x00007ff9782e0000 - 0x00007ff978304000 	C:\Windows\SYSTEM32\WINMM.dll
0x00007ff982b90000 - 0x00007ff982b9a000 	C:\Windows\SYSTEM32\VERSION.dll
0x00007ff985ff0000 - 0x00007ff98605d000 	C:\Windows\System32\WS2_32.dll
0x00007ff9782b0000 - 0x00007ff9782dd000 	C:\Windows\SYSTEM32\WINMMBASE.dll
0x00007ff985160000 - 0x00007ff9851aa000 	C:\Windows\System32\cfgmgr32.dll
0x0000000070050000 - 0x000000007005f000 	G:\java\jre\bin\verify.dll
0x0000000070020000 - 0x0000000070049000 	G:\java\jre\bin\java.dll
0x000000006fd80000 - 0x000000006fdb5000 	G:\java\jre\bin\jdwp.dll
0x000000006fd70000 - 0x000000006fd78000 	G:\java\jre\bin\npt.dll
0x000000006ffd0000 - 0x000000006ffe6000 	G:\java\jre\bin\zip.dll
0x00007ff986100000 - 0x00007ff9875ef000 	C:\Windows\System32\SHELL32.dll
0x00007ff985cb0000 - 0x00007ff985d58000 	C:\Windows\System32\shcore.dll
0x00007ff984690000 - 0x00007ff984dda000 	C:\Windows\System32\windows.storage.dll
0x00007ff983fe0000 - 0x00007ff984004000 	C:\Windows\System32\profapi.dll
0x00007ff983f80000 - 0x00007ff983fdd000 	C:\Windows\System32\powrprof.dll
0x00007ff987da0000 - 0x00007ff987df2000 	C:\Windows\System32\shlwapi.dll
0x00007ff984030000 - 0x00007ff984041000 	C:\Windows\System32\kernel.appcore.dll
0x00007ff9842f0000 - 0x00007ff984307000 	C:\Windows\System32\cryptsp.dll
0x000000006fd60000 - 0x000000006fd69000 	G:\java\jre\bin\dt_socket.dll
0x00007ff979860000 - 0x00007ff979876000 	C:\Windows\system32\napinsp.dll
0x00007ff978ac0000 - 0x00007ff978ada000 	C:\Windows\system32\pnrpnsp.dll
0x00007ff9837b0000 - 0x00007ff983817000 	C:\Windows\System32\mswsock.dll
0x00007ff983550000 - 0x00007ff983616000 	C:\Windows\SYSTEM32\DNSAPI.dll
0x00007ff985a80000 - 0x00007ff985a88000 	C:\Windows\System32\NSI.dll
0x00007ff983510000 - 0x00007ff98354d000 	C:\Windows\SYSTEM32\IPHLPAPI.DLL
0x00007ff979200000 - 0x00007ff97920e000 	C:\Windows\System32\winrnr.dll
0x00007ff980760000 - 0x00007ff98077b000 	C:\Windows\system32\NLAapi.dll
0x00007ff97e730000 - 0x00007ff97e745000 	C:\Windows\system32\wshbth.dll
0x00007ff97eb20000 - 0x00007ff97eb99000 	C:\Windows\System32\fwpuclnt.dll
0x00007ff984de0000 - 0x00007ff984e06000 	C:\Windows\System32\bcrypt.dll
0x00007ff97e4e0000 - 0x00007ff97e4ea000 	C:\Windows\System32\rasadhlp.dll
0x000000006ffb0000 - 0x000000006ffca000 	G:\java\jre\bin\net.dll
0x00007ff97b870000 - 0x00007ff97ba5d000 	C:\Windows\SYSTEM32\dbghelp.dll

VM Arguments:
jvm_args: -agentlib:jdwp=transport=dt_socket,suspend=y,address=localhost:51541 -Xmx6550m -Xms5550m -Dfile.encoding=UTF-8 
java_command: learn.mysql.InsertIntoMysql
java_class_path (initial): G:\java\work\katyusha\target\classes;D:\java\maven\repository\org\projectlombok\lombok\1.16.20\lombok-1.16.20.jar;D:\java\maven\repository\org\slf4j\slf4j-api\1.7.12\slf4j-api-1.7.12.jar;D:\java\maven\repository\com\alibaba\fastjson\1.2.55\fastjson-1.2.55.jar;D:\java\maven\repository\org\springframework\boot\spring-boot-starter-web\1.5.9.RELEASE\spring-boot-starter-web-1.5.9.RELEASE.jar;D:\java\maven\repository\org\springframework\boot\spring-boot-starter\1.5.9.RELEASE\spring-boot-starter-1.5.9.RELEASE.jar;D:\java\maven\repository\org\springframework\boot\spring-boot\1.5.9.RELEASE\spring-boot-1.5.9.RELEASE.jar;D:\java\maven\repository\org\springframework\boot\spring-boot-autoconfigure\1.5.9.RELEASE\spring-boot-autoconfigure-1.5.9.RELEASE.jar;D:\java\maven\repository\org\springframework\boot\spring-boot-starter-logging\1.5.9.RELEASE\spring-boot-starter-logging-1.5.9.RELEASE.jar;D:\java\maven\repository\ch\qos\logback\logback-classic\1.1.11\logback-classic-1.1.11.jar;D:\java\maven\repository\ch\qos\logback\logback-core\1.1.11\logback-core-1.1.11.jar;D:\java\maven\repository\org\slf4j\jcl-over-slf4j\1.7.25\jcl-over-slf4j-1.7.25.jar;D:\java\maven\repository\org\slf4j\jul-to-slf4j\1.7.25\jul-to-slf4j-1.7.25.jar;D:\java\maven\repository\org\slf4j\log4j-over-slf4j\1.7.25\log4j-over-slf4j-1.7.25.jar;D:\java\maven\repository\org\yaml\snakeyaml\1.17\snakeyaml-1.17.jar;D:\java\maven\repository\org\springframework\boot\spring-boot-starter-tomcat\1.5.9.RELEASE\spring-boot-starter-tomcat-1.5.9.RELEASE.jar;D:\java\maven\repository\org\apache\tomcat\embed\tomcat-embed-core\8.5.23\tomcat-embed-core-8.5.23.jar;D:\java\maven\repository\org\apache\tomcat\tomcat-annotations-api\8.5.23\tomcat-annotations-api-8.5.23.jar;D:\java\maven\repository\org\apache\tomcat\embed\tomcat-embed-el\8.5.23\tomcat-embed-el-8.5.23.jar;D:\java\maven\repository\org\apache\tomcat\embed\tomcat-embed-websocket\8.5.23\tomcat-embed-websocket-8.5.23.jar;D:\java\maven\repository\org\hib
Launcher Type: SUN_STANDARD

Environment Variables:
PATH=G:\java\jre\bin;G:/java/jre/bin/server;G:/java/jre/bin;G:/java/jre/lib/amd64;C:\Program Files (x86)\Common Files\Oracle\Java\javapath;C:\Windows\system32;C:\Windows;C:\Windows\System32\Wbem;C:\Windows\System32\WindowsPowerShell\v1.0\;C:\Windows\System32\OpenSSH\;G:\java\putty\;C:\Users\Administrator\AppData\Local\Microsoft\WindowsApps;;D:\java\eclipse\eclipsemars64wei_downcc;
USERNAME=Administrator
OS=Windows_NT
PROCESSOR_IDENTIFIER=Intel64 Family 6 Model 158 Stepping 10, GenuineIntel



---------------  S Y S T E M  ---------------

OS: Windows 10.0 , 64 bit Build 17763 (10.0.17763.292)

CPU:total 6 (initial active 6) (6 cores per cpu, 1 threads per core) family 6 model 158 stepping 10, cmov, cx8, fxsr, mmx, sse, sse2, sse3, ssse3, sse4.1, sse4.2, popcnt, avx, avx2, aes, clmul, erms, 3dnowpref, lzcnt, tsc, tscinvbit, bmi1, bmi2, adx

Memory: 4k page, physical 16602360k(11383564k free), swap 19092728k(6834516k free)

vm_info: Java HotSpot(TM) 64-Bit Server VM (25.181-b13) for windows-amd64 JRE (1.8.0_181-b13), built on Jul  7 2018 04:01:33 by "java_re" with MS VC++ 10.0 (VS2010)

time: Fri Nov 22 10:43:39 2019
elapsed time: 38 seconds (0d 0h 0m 38s)

